0 info it worked if it ends with ok
1 verbose cli [ '/home/stream/.nvm/versions/node/v6.9.5/bin/node',
1 verbose cli   '/home/stream/.nvm/versions/node/v6.9.5/bin/npm',
1 verbose cli   'start' ]
2 info using npm@3.10.10
3 info using node@v6.9.5
4 verbose run-script [ 'prestart', 'start', 'poststart' ]
5 info lifecycle ng-map@0.0.0~prestart: ng-map@0.0.0
6 silly lifecycle ng-map@0.0.0~prestart: no script for prestart, continuing
7 info lifecycle ng-map@0.0.0~start: ng-map@0.0.0
8 verbose lifecycle ng-map@0.0.0~start: unsafe-perm in lifecycle true
9 verbose lifecycle ng-map@0.0.0~start: PATH: /home/stream/.nvm/versions/node/v6.9.5/lib/node_modules/npm/bin/node-gyp-bin:/home/stream/Projects/git/org/property/map-test/ng-map/node_modules/.bin:/home/stream/.nvm/versions/node/v6.9.5/bin:/usr/local/rvm/gems/ruby-2.3.0/bin:/usr/local/rvm/gems/ruby-2.3.0@global/bin:/usr/local/rvm/rubies/ruby-2.3.0/bin:/usr/lib64/qt-3.3/bin:/usr/local/bin:/usr/bin:/bin:/usr/local/sbin:/usr/sbin:/usr/local/rvm/bin:/home/stream/.local/bin:/home/stream/bin:/home/stream/.local/bin:/home/stream/bin
10 verbose lifecycle ng-map@0.0.0~start: CWD: /home/stream/Projects/git/org/property/map-test/ng-map
11 silly lifecycle ng-map@0.0.0~start: Args: [ '-c', 'ng serve --hmr -e hmr --host 0.0.0.0' ]
12 silly lifecycle ng-map@0.0.0~start: Returned: code: 1  signal: null
13 info lifecycle ng-map@0.0.0~start: Failed to exec start script
14 verbose stack Error: ng-map@0.0.0 start: `ng serve --hmr -e hmr --host 0.0.0.0`
14 verbose stack Exit status 1
14 verbose stack     at EventEmitter.<anonymous> (/home/stream/.nvm/versions/node/v6.9.5/lib/node_modules/npm/lib/utils/lifecycle.js:255:16)
14 verbose stack     at emitTwo (events.js:106:13)
14 verbose stack     at EventEmitter.emit (events.js:191:7)
14 verbose stack     at ChildProcess.<anonymous> (/home/stream/.nvm/versions/node/v6.9.5/lib/node_modules/npm/lib/utils/spawn.js:40:14)
14 verbose stack     at emitTwo (events.js:106:13)
14 verbose stack     at ChildProcess.emit (events.js:191:7)
14 verbose stack     at maybeClose (internal/child_process.js:877:16)
14 verbose stack     at Process.ChildProcess._handle.onexit (internal/child_process.js:226:5)
15 verbose pkgid ng-map@0.0.0
16 verbose cwd /home/stream/Projects/git/org/property/map-test/ng-map
17 error Linux 4.8.13-100.fc23.x86_64
18 error argv "/home/stream/.nvm/versions/node/v6.9.5/bin/node" "/home/stream/.nvm/versions/node/v6.9.5/bin/npm" "start"
19 error node v6.9.5
20 error npm  v3.10.10
21 error code ELIFECYCLE
22 error ng-map@0.0.0 start: `ng serve --hmr -e hmr --host 0.0.0.0`
22 error Exit status 1
23 error Failed at the ng-map@0.0.0 start script 'ng serve --hmr -e hmr --host 0.0.0.0'.
23 error Make sure you have the latest version of node.js and npm installed.
23 error If you do, this is most likely a problem with the ng-map package,
23 error not with npm itself.
23 error Tell the author that this fails on your system:
23 error     ng serve --hmr -e hmr --host 0.0.0.0
23 error You can get information on how to open an issue for this project with:
23 error     npm bugs ng-map
23 error Or if that isn't available, you can get their info via:
23 error     npm owner ls ng-map
23 error There is likely additional logging output above.
24 verbose exit [ 1, true ]
